<?xml version="1.0" encoding="UTF-8"?>
<!-- Generated by org.testng.reporters.JUnitReportReporter -->
<testsuite hostname="DESKTOP-KDLFKTG" failures="0" tests="1" name="march24.Property_File" time="0.684" errors="0" timestamp="2023-03-28T00:32:34 GMT-07:00" skipped="0">
  <testcase classname="march24.Property_File" name="verifyLogin" time="0.684"/>
  <system-out>
    <![CDATA[Login Success:::::Dashboard « Stock Accounting       Dashboard « Stock Accounting]]>
  </system-out>
</testsuite> <!-- march24.Property_File -->
